2026-07-02 19:51:53,023 [INFO] automation.scheduler.run_job: [1/4] Fetch USD/IDR mulai (target_month=current)
2026-07-02 19:51:55,242 [INFO] automation.fetch.usd_idr: fetch_usd_idr_latest result={'month': '2026-07', 'usd_idr_avg': 17969.28, 'usd_idr_source': 'exchangerate-api', 'fetched_at': '2026-07-02T11:51:53.023846+00:00'}
2026-07-02 19:51:55,242 [INFO] automation.scheduler.run_job: [1/4] Fetch selesai: {'month': '2026-07', 'usd_idr_avg': 17969.28, 'usd_idr_source': 'exchangerate-api', 'fetched_at': '2026-07-02T11:51:53.023846+00:00'}
2026-07-02 19:51:55,242 [INFO] automation.scheduler.run_job: [2/4] Validasi mulai
2026-07-02 19:51:55,242 [INFO] automation.scheduler.run_job: [2/4] Validasi lolos
2026-07-02 19:51:55,243 [INFO] automation.scheduler.run_job: [3/4] Cleaning ringan mulai
2026-07-02 19:51:55,243 [INFO] automation.scheduler.run_job: [3/4] Cleaning selesai: {'month': '2026-07', 'usd_idr_avg': 17969.28, 'usd_idr_source': 'exchangerate-api', 'fetched_at': '2026-07-02T11:51:53.023846+00:00'}
2026-07-02 19:51:55,243 [INFO] automation.scheduler.run_job: [4/4] Simpan ke staging mulai
2026-07-02 19:51:55,244 [INFO] automation.storage.staging_writer: staging_write source=usd_idr key=2026-07 path=/home/asus/projects/MultiMetode/automation/data/staging/usd_idr/2026-07.json
2026-07-02 19:51:55,244 [INFO] automation.scheduler.run_job: [4/4] Tersimpan di: /home/asus/projects/MultiMetode/automation/data/staging/usd_idr/2026-07.json
2026-07-02 19:51:55,244 [INFO] automation.scheduler.run_job: Job usd_idr SELESAI sukses untuk month=2026-07
2026-07-02 20:02:35,253 [INFO] automation.scheduler.run_job: [1/4] Fetch USD/IDR mulai (target_month=current)
2026-07-02 20:02:37,093 [INFO] automation.fetch.usd_idr: fetch_usd_idr_latest result={'month': '2026-07', 'usd_idr_avg': 17969.28, 'usd_idr_source': 'exchangerate-api', 'fetched_at': '2026-07-02T12:02:35.253304+00:00'}
2026-07-02 20:02:37,093 [INFO] automation.scheduler.run_job: [1/4] Fetch selesai: {'month': '2026-07', 'usd_idr_avg': 17969.28, 'usd_idr_source': 'exchangerate-api', 'fetched_at': '2026-07-02T12:02:35.253304+00:00'}
2026-07-02 20:02:37,093 [INFO] automation.scheduler.run_job: [2/4] Validasi mulai
2026-07-02 20:02:37,093 [INFO] automation.scheduler.run_job: [2/4] Validasi lolos
2026-07-02 20:02:37,093 [INFO] automation.scheduler.run_job: [3/4] Cleaning ringan mulai
2026-07-02 20:02:37,093 [INFO] automation.scheduler.run_job: [3/4] Cleaning selesai: {'month': '2026-07', 'usd_idr_avg': 17969.28, 'usd_idr_source': 'exchangerate-api', 'fetched_at': '2026-07-02T12:02:35.253304+00:00'}
2026-07-02 20:02:37,094 [INFO] automation.scheduler.run_job: [4/4] Simpan ke staging mulai
2026-07-02 20:02:37,094 [INFO] automation.storage.staging_writer: staging_write source=usd_idr key=2026-07 path=/home/asus/projects/MultiMetode/automation/data/staging/usd_idr/2026-07.json
2026-07-02 20:02:37,094 [INFO] automation.scheduler.run_job: [4/4] Tersimpan di: /home/asus/projects/MultiMetode/automation/data/staging/usd_idr/2026-07.json
2026-07-02 20:02:37,094 [INFO] automation.scheduler.run_job: Job usd_idr SELESAI sukses untuk month=2026-07
2026-07-03 07:05:23,971 [INFO] automation.scheduler.run_job: [1/4] Fetch USD/IDR mulai (target_month=current)
2026-07-03 07:05:24,085 [INFO] automation.fetch.usd_idr: fetch_usd_idr_latest result={'month': '2026-07', 'usd_idr_avg': 17989.44, 'usd_idr_source': 'exchangerate-api', 'fetched_at': '2026-07-03T07:05:23.971969+00:00'}
2026-07-03 07:05:24,085 [INFO] automation.scheduler.run_job: [1/4] Fetch selesai: {'month': '2026-07', 'usd_idr_avg': 17989.44, 'usd_idr_source': 'exchangerate-api', 'fetched_at': '2026-07-03T07:05:23.971969+00:00'}
2026-07-03 07:05:24,085 [INFO] automation.scheduler.run_job: [2/4] Validasi mulai
2026-07-03 07:05:24,085 [INFO] automation.scheduler.run_job: [2/4] Validasi lolos
2026-07-03 07:05:24,086 [INFO] automation.scheduler.run_job: [3/4] Cleaning ringan mulai
2026-07-03 07:05:24,086 [INFO] automation.scheduler.run_job: [3/4] Cleaning selesai: {'month': '2026-07', 'usd_idr_avg': 17989.44, 'usd_idr_source': 'exchangerate-api', 'fetched_at': '2026-07-03T07:05:23.971969+00:00'}
2026-07-03 07:05:24,086 [INFO] automation.scheduler.run_job: [4/4] Simpan ke staging mulai
2026-07-03 07:05:24,086 [INFO] automation.storage.staging_writer: staging_write source=usd_idr key=2026-07 path=/home/runner/work/MultiMetode/MultiMetode/automation/data/staging/usd_idr/2026-07.json
2026-07-03 07:05:24,086 [INFO] automation.scheduler.run_job: [4/4] Tersimpan di: /home/runner/work/MultiMetode/MultiMetode/automation/data/staging/usd_idr/2026-07.json
2026-07-03 07:05:24,086 [INFO] automation.scheduler.run_job: Job usd_idr SELESAI sukses untuk month=2026-07
